0 info it worked if it ends with ok
1 verbose cli [ 'E:\\Instalations\\Installs\\NPM\\node.exe',
1 verbose cli   'E:\\Instalations\\Installs\\NPM\\node_modules\\npm\\bin\\npm-cli.js',
1 verbose cli   'start' ]
2 info using npm@3.3.12
3 info using node@v5.5.0
4 verbose run-script [ 'prestart', 'start', 'poststart' ]
5 info lifecycle rest-server@0.0.0~prestart: rest-server@0.0.0
6 silly lifecycle rest-server@0.0.0~prestart: no script for prestart, continuing
7 info lifecycle rest-server@0.0.0~start: rest-server@0.0.0
8 verbose lifecycle rest-server@0.0.0~start: unsafe-perm in lifecycle true
9 verbose lifecycle rest-server@0.0.0~start: PATH: E:\Instalations\Installs\NPM\node_modules\npm\bin\node-gyp-bin;E:\GitHub\Coursera\Coursera\FullStackDeveloper\rest-server\node_modules\.bin;C:\Users\TFP\bin;E:\Instalations\Installs\GIT4Windows\Git\mingw64\bin;E:\Instalations\Installs\GIT4Windows\Git\usr\local\bin;E:\Instalations\Installs\GIT4Windows\Git\usr\bin;E:\Instalations\Installs\GIT4Windows\Git\usr\bin;E:\Instalations\Installs\GIT4Windows\Git\mingw64\bin;E:\Instalations\Installs\GIT4Windows\Git\usr\bin;C:\Users\TFP\bin;E:\Instalations\Installs\MongoDB\bin;E:\Instalations\Installs\AndriodSDK\platform-tools;E:\Instalations\Installs\AndriodSDK\tools;E:\Instalations\Installs\maven_3_1_1\bin;E:\Instalations\Installs\Java8\bin;C:\ProgramData\Oracle\Java\javapath;C:\Windows\system32;C:\Windows;C:\Windows\System32\Wbem;C:\Windows\System32\WindowsPowerShell\v1.0;C:\Program Files (x86)\ATI Technologies\ATI.ACE\Core-Static;E:\Instalations\Installs\GIT4Windows\Git\cmd;E:\Instalations\Installs\NPM;C:\Program Files (x86)\Skype\Phone;C:\Users\TFP\AppData\Roaming\npm;E:\Instalations\Installs\GIT4Windows\Git\usr\bin\vendor_perl;E:\Instalations\Installs\GIT4Windows\Git\usr\bin\core_perl
10 verbose lifecycle rest-server@0.0.0~start: CWD: E:\GitHub\Coursera\Coursera\FullStackDeveloper\rest-server
11 silly lifecycle rest-server@0.0.0~start: Args: [ '/d /s /c', 'node ./bin/www' ]
12 silly lifecycle rest-server@0.0.0~start: Returned: code: 1  signal: null
13 info lifecycle rest-server@0.0.0~start: Failed to exec start script
14 verbose stack Error: rest-server@0.0.0 start: `node ./bin/www`
14 verbose stack Exit status 1
14 verbose stack     at EventEmitter.<anonymous> (E:\Instalations\Installs\NPM\node_modules\npm\lib\utils\lifecycle.js:232:16)
14 verbose stack     at emitTwo (events.js:100:13)
14 verbose stack     at EventEmitter.emit (events.js:185:7)
14 verbose stack     at ChildProcess.<anonymous> (E:\Instalations\Installs\NPM\node_modules\npm\lib\utils\spawn.js:24:14)
14 verbose stack     at emitTwo (events.js:100:13)
14 verbose stack     at ChildProcess.emit (events.js:185:7)
14 verbose stack     at maybeClose (internal/child_process.js:821:16)
14 verbose stack     at Process.ChildProcess._handle.onexit (internal/child_process.js:211:5)
15 verbose pkgid rest-server@0.0.0
16 verbose cwd E:\GitHub\Coursera\Coursera\FullStackDeveloper\rest-server
17 error Windows_NT 6.1.7601
18 error argv "E:\\Instalations\\Installs\\NPM\\node.exe" "E:\\Instalations\\Installs\\NPM\\node_modules\\npm\\bin\\npm-cli.js" "start"
19 error node v5.5.0
20 error npm  v3.3.12
21 error code ELIFECYCLE
22 error rest-server@0.0.0 start: `node ./bin/www`
22 error Exit status 1
23 error Failed at the rest-server@0.0.0 start script 'node ./bin/www'.
23 error Make sure you have the latest version of node.js and npm installed.
23 error If you do, this is most likely a problem with the rest-server package,
23 error not with npm itself.
23 error Tell the author that this fails on your system:
23 error     node ./bin/www
23 error You can get their info via:
23 error     npm owner ls rest-server
23 error There is likely additional logging output above.
24 verbose exit [ 1, true ]
